<?xml version="1.0" encoding="UTF-8"?>
<!-- Generated by org.testng.reporters.JUnitXMLReporter -->
<testsuite hostname="Tanmayee" ignored="0" name="Default test" tests="5" failures="0" timestamp="13 Jul 2018 14:20:52 GMT" time="46.086" errors="0">
  <testcase name="authentication" time="3.444" classname="com.scp.service.CrudeHibernate.DataProviderClass"/>
  <testcase name="authentication" time="0.125" classname="com.scp.service.CrudeHibernate.DataProviderClass"/>
  <testcase name="authentication" time="0.235" classname="com.scp.service.CrudeHibernate.DataProviderClass"/>
  <testcase name="authentication" time="0.102" classname="com.scp.service.CrudeHibernate.DataProviderClass"/>
  <testcase name="authentication" time="0.093" classname="com.scp.service.CrudeHibernate.DataProviderClass"/>
</testsuite> <!-- Default test -->
